# JRE version: Java(TM) SE Runtime Environment (7.0_80-b15) (build 1.7.0_80-b15)
# Java VM: Java HotSpot(TM) 64-Bit Server VM (24.80-b11 mixed mode linux-amd64 compressed oops)
Heap
 PSYoungGen      total 142848K, used 11654K [0x00000000eaa80000, 0x00000000f5580000, 0x0000000100000000)
  eden space 110592K, 9% used [0x00000000eaa80000,0x00000000eb531b78,0x00000000f1680000)
  from space 32256K, 2% used [0x00000000f1680000,0x00000000f1730000,0x00000000f3600000)
  to   space 31744K, 0% used [0x00000000f3680000,0x00000000f3680000,0x00000000f5580000)
 ParOldGen       total 349696K, used 19995K [0x00000000c0000000, 0x00000000d5580000, 0x00000000eaa80000)
  object space 349696K, 5% used [0x00000000c0000000,0x00000000c1386d30,0x00000000d5580000)
 PSPermGen       total 41984K, used 41489K [0x00000000b0000000, 0x00000000b2900000, 0x00000000c0000000)
  object space 41984K, 98% used [0x00000000b0000000,0x00000000b28845d0,0x00000000b2900000)
GC Heap History (10 events):
Event: 23798.605 GC heap before
{Heap before GC invocations=9 (full 0):
 PSYoungGen      total 151552K, used 121747K [0x00000000eaa80000, 0x00000000f6000000, 0x0000000100000000)
  eden space 120320K, 100% used [0x00000000eaa80000,0x00000000f2000000,0x00000000f2000000)
  from space 31232K, 4% used [0x00000000f4100000,0x00000000f4264e30,0x00000000f5f80000)
  to   space 32768K, 0% used [0x00000000f2000000,0x00000000f2000000,0x00000000f4000000)
 ParOldGen       total 349696K, used 16883K [0x00000000c0000000, 0x00000000d5580000, 0x00000000eaa80000)
  object space 349696K, 4% used [0x00000000c0000000,0x00000000c107cee0,0x00000000d5580000)
 PSPermGen       total 41472K, used 41354K [0x00000000b0000000, 0x00000000b2880000, 0x00000000c0000000)
  object space 41472K, 99% used [0x00000000b0000000,0x00000000b2862bf8,0x00000000b2880000)
Event: 23798.608 GC heap after
Heap after GC invocations=9 (full 0):
 PSYoungGen      total 119808K, used 1584K [0x00000000eaa80000, 0x00000000f5d80000, 0x0000000100000000)
  eden space 117760K, 0% used [0x00000000eaa80000,0x00000000eaa80000,0x00000000f1d80000)
  from space 2048K, 77% used [0x00000000f2000000,0x00000000f218c010,0x00000000f2200000)
  to   space 32768K, 0% used [0x00000000f3d80000,0x00000000f3d80000,0x00000000f5d80000)
 ParOldGen       total 349696K, used 16899K [0x00000000c0000000, 0x00000000d5580000, 0x00000000eaa80000)
  object space 349696K, 4% used [0x00000000c0000000,0x00000000c1080ee0,0x00000000d5580000)
 PSPermGen       total 41472K, used 41354K [0x00000000b0000000, 0x00000000b2880000, 0x00000000c0000000)
  object space 41472K, 99% used [0x00000000b0000000,0x00000000b2862bf8,0x00000000b2880000)
}
Event: 40332.865 GC heap before
{Heap before GC invocations=10 (full 0):
 PSYoungGen      total 119808K, used 119344K [0x00000000eaa80000, 0x00000000f5d80000, 0x0000000100000000)
  eden space 117760K, 100% used [0x00000000eaa80000,0x00000000f1d80000,0x00000000f1d80000)
  from space 2048K, 77% used [0x00000000f2000000,0x00000000f218c010,0x00000000f2200000)
  to   space 32768K, 0% used [0x00000000f3d80000,0x00000000f3d80000,0x00000000f5d80000)
 ParOldGen       total 349696K, used 16899K [0x00000000c0000000, 0x00000000d5580000, 0x00000000eaa80000)
  object space 349696K, 4% used [0x00000000c0000000,0x00000000c1080ee0,0x00000000d5580000)
 PSPermGen       total 41472K, used 41355K [0x00000000b0000000, 0x00000000b2880000, 0x00000000c0000000)
  object space 41472K, 99% used [0x00000000b0000000,0x00000000b2862ea8,0x00000000b2880000)
Event: 40332.867 GC heap after
Heap after GC invocations=10 (full 0):
 PSYoungGen      total 145408K, used 1664K [0x00000000eaa80000, 0x00000000f5b00000, 0x0000000100000000)
  eden space 115200K, 0% used [0x00000000eaa80000,0x00000000eaa80000,0x00000000f1b00000)
  from space 30208K, 5% used [0x00000000f3d80000,0x00000000f3f20000,0x00000000f5b00000)
  to   space 32768K, 0% used [0x00000000f1b00000,0x00000000f1b00000,0x00000000f3b00000)
 ParOldGen       total 349696K, used 17707K [0x00000000c0000000, 0x00000000d5580000, 0x00000000eaa80000)
  object space 349696K, 5% used [0x00000000c0000000,0x00000000c114ad30,0x00000000d5580000)
 PSPermGen       total 41472K, used 41355K [0x00000000b0000000, 0x00000000b2880000, 0x00000000c0000000)
  object space 41472K, 99% used [0x00000000b0000000,0x00000000b2862ea8,0x00000000b2880000)
}
Event: 44376.602 GC heap before
{Heap before GC invocations=11 (full 0):
 PSYoungGen      total 145408K, used 116864K [0x00000000eaa80000, 0x00000000f5b00000, 0x0000000100000000)
  eden space 115200K, 100% used [0x00000000eaa80000,0x00000000f1b00000,0x00000000f1b00000)
  from space 30208K, 5% used [0x00000000f3d80000,0x00000000f3f20000,0x00000000f5b00000)
  to   space 32768K, 0% used [0x00000000f1b00000,0x00000000f1b00000,0x00000000f3b00000)
 ParOldGen       total 349696K, used 17707K [0x00000000c0000000, 0x00000000d5580000, 0x00000000eaa80000)
  object space 349696K, 5% used [0x00000000c0000000,0x00000000c114ad30,0x00000000d5580000)
 PSPermGen       total 41472K, used 41357K [0x00000000b0000000, 0x00000000b2880000, 0x00000000c0000000)
  object space 41472K, 99% used [0x00000000b0000000,0x00000000b2863670,0x00000000b2880000)
Event: 44376.608 GC heap after
Heap after GC invocations=11 (full 0):
 PSYoungGen      total 113664K, used 864K [0x00000000eaa80000, 0x00000000f5880000, 0x0000000100000000)
  eden space 112640K, 0% used [0x00000000eaa80000,0x00000000eaa80000,0x00000000f1880000)
  from space 1024K, 84% used [0x00000000f1b00000,0x00000000f1bd8000,0x00000000f1c00000)
  to   space 32768K, 0% used [0x00000000f3880000,0x00000000f3880000,0x00000000f5880000)
 ParOldGen       total 349696K, used 19195K [0x00000000c0000000, 0x00000000d5580000, 0x00000000eaa80000)
  object space 349696K, 5% used [0x00000000c0000000,0x00000000c12bed30,0x00000000d5580000)
 PSPermGen       total 41472K, used 41357K [0x00000000b0000000, 0x00000000b2880000, 0x00000000c0000000)
  object space 41472K, 99% used [0x00000000b0000000,0x00000000b2863670,0x00000000b2880000)
}
Event: 46360.624 GC heap before
{Heap before GC invocations=12 (full 0):
 PSYoungGen      total 113664K, used 113504K [0x00000000eaa80000, 0x00000000f5880000, 0x0000000100000000)
  eden space 112640K, 100% used [0x00000000eaa80000,0x00000000f1880000,0x00000000f1880000)
  from space 1024K, 84% used [0x00000000f1b00000,0x00000000f1bd8000,0x00000000f1c00000)
  to   space 32768K, 0% used [0x00000000f3880000,0x00000000f3880000,0x00000000f5880000)
 ParOldGen       total 349696K, used 19195K [0x00000000c0000000, 0x00000000d5580000, 0x00000000eaa80000)
  object space 349696K, 5% used [0x00000000c0000000,0x00000000c12bed30,0x00000000d5580000)
 PSPermGen       total 41472K, used 41360K [0x00000000b0000000, 0x00000000b2880000, 0x00000000c0000000)
  object space 41472K, 99% used [0x00000000b0000000,0x00000000b2864208,0x00000000b2880000)
Event: 46360.633 GC heap after
Heap after GC invocations=12 (full 0):
 PSYoungGen      total 140288K, used 960K [0x00000000eaa80000, 0x00000000f5580000, 0x0000000100000000)
  eden space 110592K, 0% used [0x00000000eaa80000,0x00000000eaa80000,0x00000000f1680000)
  from space 29696K, 3% used [0x00000000f3880000,0x00000000f3970000,0x00000000f5580000)
  to   space 32256K, 0% used [0x00000000f1680000,0x00000000f1680000,0x00000000f3600000)
 ParOldGen       total 349696K, used 19979K [0x00000000c0000000, 0x00000000d5580000, 0x00000000eaa80000)
  object space 349696K, 5% used [0x00000000c0000000,0x00000000c1382d30,0x00000000d5580000)
 PSPermGen       total 41472K, used 41360K [0x00000000b0000000, 0x00000000b2880000, 0x00000000c0000000)
  object space 41472K, 99% used [0x00000000b0000000,0x00000000b2864208,0x00000000b2880000)
}
Event: 47229.349 GC heap before
{Heap before GC invocations=13 (full 0):
 PSYoungGen      total 140288K, used 111552K [0x00000000eaa80000, 0x00000000f5580000, 0x0000000100000000)
  eden space 110592K, 100% used [0x00000000eaa80000,0x00000000f1680000,0x00000000f1680000)
  from space 29696K, 3% used [0x00000000f3880000,0x00000000f3970000,0x00000000f5580000)
  to   space 32256K, 0% used [0x00000000f1680000,0x00000000f1680000,0x00000000f3600000)
 ParOldGen       total 349696K, used 19979K [0x00000000c0000000, 0x00000000d5580000, 0x00000000eaa80000)
  object space 349696K, 5% used [0x00000000c0000000,0x00000000c1382d30,0x00000000d5580000)
 PSPermGen       total 41984K, used 41486K [0x00000000b0000000, 0x00000000b2900000, 0x00000000c0000000)
  object space 41984K, 98% used [0x00000000b0000000,0x00000000b28838a0,0x00000000b2900000)
Event: 47229.389 GC heap after
Heap after GC invocations=13 (full 0):
 PSYoungGen      total 142848K, used 704K [0x00000000eaa80000, 0x00000000f5580000, 0x0000000100000000)
  eden space 110592K, 0% used [0x00000000eaa80000,0x00000000eaa80000,0x00000000f1680000)
  from space 32256K, 2% used [0x00000000f1680000,0x00000000f1730000,0x00000000f3600000)
  to   space 31744K, 0% used [0x00000000f3680000,0x00000000f3680000,0x00000000f5580000)
 ParOldGen       total 349696K, used 19995K [0x00000000c0000000, 0x00000000d5580000, 0x00000000eaa80000)
  object space 349696K, 5% used [0x00000000c0000000,0x00000000c1386d30,0x00000000d5580000)
 PSPermGen       total 41984K, used 41486K [0x00000000b0000000, 0x00000000b2900000, 0x00000000c0000000)
  object space 41984K, 98% used [0x00000000b0000000,0x00000000b28838a0,0x00000000b2900000)
}

